<?xml version="1.0" encoding="UTF-8"?>
<coverage generated="1695998146709" clover="3.2.0">
  <project timestamp="1695998146709" name="All files">
    <metrics statements="21" coveredstatements="21" conditionals="9" coveredconditionals="6" methods="7" coveredmethods="4" elements="37" coveredelements="31" complexity="0" loc="21" ncloc="21" packages="1" files="1" classes="1"/>
    <file name="dataOperations.js" path="C:\Users\VASH\odin-playground\todo\src\operations\dataOperations.js">
      <metrics statements="21" coveredstatements="21" conditionals="9" coveredconditionals="6" methods="7" coveredmethods="4"/>
      <line num="1" count="1" type="cond" truecount="3" falsecount="0"/>
      <line num="2" count="1" type="stmt"/>
      <line num="3" count="1" type="cond" truecount="1" falsecount="0"/>
      <line num="4" count="4" type="stmt"/>
      <line num="5" count="1" type="stmt"/>
      <line num="6" count="1" type="stmt"/>
      <line num="7" count="1" type="stmt"/>
      <line num="8" count="1" type="stmt"/>
      <line num="9" count="1" type="stmt"/>
      <line num="10" count="1" type="stmt"/>
      <line num="11" count="1" type="stmt"/>
      <line num="12" count="1" type="stmt"/>
      <line num="13" count="1" type="stmt"/>
      <line num="14" count="1" type="stmt"/>
      <line num="15" count="1" type="stmt"/>
      <line num="16" count="1" type="stmt"/>
      <line num="17" count="1" type="stmt"/>
      <line num="18" count="1" type="stmt"/>
      <line num="19" count="1" type="stmt"/>
      <line num="20" count="1" type="stmt"/>
      <line num="21" count="1" type="cond" truecount="2" falsecount="3"/>
    </file>
  </project>
</coverage>
