{"C:\\Users\\VASH\\odin-playground\\todo\\src\\operations\\dataOperations.js": {"path":"C:\\Users\\VASH\\odin-playground\\todo\\src\\operations\\dataOperations.js","all":false,"statementMap":{"0":{"start":{"line":1,"column":0},"end":{"line":1,"column":48}},"1":{"start":{"line":2,"column":0},"end":{"line":2,"column":78}},"2":{"start":{"line":3,"column":0},"end":{"line":3,"column":0}},"3":{"start":{"line":4,"column":0},"end":{"line":4,"column":31}},"4":{"start":{"line":5,"column":0},"end":{"line":5,"column":18}},"5":{"start":{"line":6,"column":0},"end":{"line":6,"column":35}},"6":{"start":{"line":7,"column":0},"end":{"line":7,"column":39}},"7":{"start":{"line":8,"column":0},"end":{"line":8,"column":39}},"8":{"start":{"line":9,"column":0},"end":{"line":9,"column":9}},"9":{"start":{"line":10,"column":0},"end":{"line":10,"column":12}},"10":{"start":{"line":11,"column":0},"end":{"line":11,"column":0}},"11":{"start":{"line":12,"column":0},"end":{"line":12,"column":12}},"12":{"start":{"line":13,"column":0},"end":{"line":13,"column":39}},"13":{"start":{"line":14,"column":0},"end":{"line":14,"column":29}},"14":{"start":{"line":15,"column":0},"end":{"line":15,"column":9}},"15":{"start":{"line":16,"column":0},"end":{"line":16,"column":12}},"16":{"start":{"line":17,"column":0},"end":{"line":17,"column":3}},"17":{"start":{"line":18,"column":0},"end":{"line":18,"column":0}},"18":{"start":{"line":19,"column":0},"end":{"line":19,"column":18}},"19":{"start":{"line":20,"column":0},"end":{"line":20,"column":2}},"20":{"start":{"line":21,"column":0},"end":{"line":21,"column":0}},"21":{"start":{"line":22,"column":0},"end":{"line":22,"column":28}},"22":{"start":{"line":23,"column":0},"end":{"line":23,"column":0}},"23":{"start":{"line":24,"column":0},"end":{"line":24,"column":25}},"24":{"start":{"line":25,"column":0},"end":{"line":25,"column":0}},"25":{"start":{"line":26,"column":0},"end":{"line":26,"column":0}},"26":{"start":{"line":27,"column":0},"end":{"line":27,"column":0}},"27":{"start":{"line":28,"column":0},"end":{"line":28,"column":0}},"28":{"start":{"line":29,"column":0},"end":{"line":29,"column":0}},"29":{"start":{"line":30,"column":0},"end":{"line":30,"column":0}},"30":{"start":{"line":31,"column":0},"end":{"line":31,"column":37534}}},"s":{"0":1,"1":2,"2":2,"3":2,"4":2,"5":1,"6":1,"7":4,"8":1,"9":1,"10":2,"11":2,"12":1,"13":3,"14":1,"15":1,"16":2,"17":2,"18":2,"19":1,"20":1,"21":1,"22":1,"23":1,"24":1,"25":1,"26":1,"27":1,"28":1,"29":1,"30":1},"branchMap":{"0":{"type":"branch","line":1,"loc":{"start":{"line":1,"column":0},"end":{"line":31,"column":37534}},"locations":[{"start":{"line":1,"column":0},"end":{"line":31,"column":37534}}]},"1":{"type":"branch","line":1,"loc":{"start":{"line":1,"column":0},"end":{"line":31,"column":37534}},"locations":[{"start":{"line":1,"column":0},"end":{"line":31,"column":37534}}]},"2":{"type":"branch","line":1,"loc":{"start":{"line":1,"column":19},"end":{"line":20,"column":1}},"locations":[{"start":{"line":1,"column":19},"end":{"line":20,"column":1}}]},"3":{"type":"branch","line":5,"loc":{"start":{"line":5,"column":4},"end":{"line":10,"column":12}},"locations":[{"start":{"line":5,"column":4},"end":{"line":10,"column":12}}]},"4":{"type":"branch","line":12,"loc":{"start":{"line":12,"column":4},"end":{"line":16,"column":12}},"locations":[{"start":{"line":12,"column":4},"end":{"line":16,"column":12}}]},"5":{"type":"branch","line":7,"loc":{"start":{"line":7,"column":20},"end":{"line":9,"column":7}},"locations":[{"start":{"line":7,"column":20},"end":{"line":9,"column":7}}]},"6":{"type":"branch","line":13,"loc":{"start":{"line":13,"column":20},"end":{"line":15,"column":7}},"locations":[{"start":{"line":13,"column":20},"end":{"line":15,"column":7}}]},"7":{"type":"branch","line":31,"loc":{"start":{"line":31,"column":21},"end":{"line":31,"column":37001}},"locations":[{"start":{"line":31,"column":21},"end":{"line":31,"column":37001}}]},"8":{"type":"branch","line":31,"loc":{"start":{"line":31,"column":87},"end":{"line":31,"column":36988}},"locations":[{"start":{"line":31,"column":87},"end":{"line":31,"column":36988}}]},"9":{"type":"branch","line":31,"loc":{"start":{"line":31,"column":36990},"end":{"line":31,"column":37000}},"locations":[{"start":{"line":31,"column":36990},"end":{"line":31,"column":37000}}]},"10":{"type":"branch","line":31,"loc":{"start":{"line":31,"column":37002},"end":{"line":31,"column":37075}},"locations":[{"start":{"line":31,"column":37002},"end":{"line":31,"column":37075}}]},"11":{"type":"branch","line":31,"loc":{"start":{"line":31,"column":37055},"end":{"line":31,"column":37065}},"locations":[{"start":{"line":31,"column":37055},"end":{"line":31,"column":37065}}]}},"b":{"0":[1],"1":[1],"2":[2],"3":[1],"4":[1],"5":[4],"6":[3],"7":[2],"8":[1],"9":[0],"10":[2],"11":[0]},"fnMap":{"0":{"name":"Object.<anonymous>","decl":{"start":{"line":1,"column":0},"end":{"line":31,"column":37534}},"loc":{"start":{"line":1,"column":0},"end":{"line":31,"column":37534}},"line":1},"1":{"name":"sortByDate","decl":{"start":{"line":1,"column":19},"end":{"line":20,"column":1}},"loc":{"start":{"line":1,"column":19},"end":{"line":20,"column":1}},"line":1},"2":{"name":"oo_cm","decl":{"start":{"line":31,"column":21},"end":{"line":31,"column":37001}},"loc":{"start":{"line":31,"column":21},"end":{"line":31,"column":37001}},"line":31},"3":{"name":"oo_oo","decl":{"start":{"line":31,"column":37002},"end":{"line":31,"column":37075}},"loc":{"start":{"line":31,"column":37002},"end":{"line":31,"column":37075}},"line":31},"4":{"name":"oo_tr","decl":{"start":{"line":31,"column":37076},"end":{"line":31,"column":37151}},"loc":{"start":{"line":31,"column":37076},"end":{"line":31,"column":37151}},"line":31},"5":{"name":"oo_ts","decl":{"start":{"line":31,"column":37152},"end":{"line":31,"column":37207}},"loc":{"start":{"line":31,"column":37152},"end":{"line":31,"column":37207}},"line":31},"6":{"name":"oo_te","decl":{"start":{"line":31,"column":37208},"end":{"line":31,"column":37266}},"loc":{"start":{"line":31,"column":37208},"end":{"line":31,"column":37266}},"line":31}},"f":{"0":1,"1":2,"2":2,"3":2,"4":0,"5":0,"6":0}}
}
