{"C:\\Users\\VASH\\odin-playground\\todo\\src\\operations\\dataOperations.js": {"path":"C:\\Users\\VASH\\odin-playground\\todo\\src\\operations\\dataOperations.js","all":false,"statementMap":{"0":{"start":{"line":1,"column":0},"end":{"line":1,"column":46}},"1":{"start":{"line":2,"column":0},"end":{"line":2,"column":1}},"2":{"start":{"line":3,"column":0},"end":{"line":3,"column":35}},"3":{"start":{"line":4,"column":0},"end":{"line":4,"column":41}},"4":{"start":{"line":5,"column":0},"end":{"line":5,"column":4}},"5":{"start":{"line":6,"column":0},"end":{"line":6,"column":0}},"6":{"start":{"line":7,"column":0},"end":{"line":7,"column":67}},"7":{"start":{"line":8,"column":0},"end":{"line":8,"column":0}},"8":{"start":{"line":9,"column":0},"end":{"line":9,"column":18}},"9":{"start":{"line":10,"column":0},"end":{"line":10,"column":1}},"10":{"start":{"line":11,"column":0},"end":{"line":11,"column":0}},"11":{"start":{"line":12,"column":0},"end":{"line":12,"column":27}},"12":{"start":{"line":13,"column":0},"end":{"line":13,"column":0}},"13":{"start":{"line":14,"column":0},"end":{"line":14,"column":25}},"14":{"start":{"line":15,"column":0},"end":{"line":15,"column":0}},"15":{"start":{"line":16,"column":0},"end":{"line":16,"column":0}},"16":{"start":{"line":17,"column":0},"end":{"line":17,"column":0}},"17":{"start":{"line":18,"column":0},"end":{"line":18,"column":0}},"18":{"start":{"line":19,"column":0},"end":{"line":19,"column":0}},"19":{"start":{"line":20,"column":0},"end":{"line":20,"column":0}},"20":{"start":{"line":21,"column":0},"end":{"line":21,"column":37534}}},"s":{"0":1,"1":1,"2":1,"3":4,"4":1,"5":1,"6":1,"7":1,"8":1,"9":1,"10":1,"11":1,"12":1,"13":1,"14":1,"15":1,"16":1,"17":1,"18":1,"19":1,"20":1},"branchMap":{"0":{"type":"branch","line":1,"loc":{"start":{"line":1,"column":0},"end":{"line":21,"column":37534}},"locations":[{"start":{"line":1,"column":0},"end":{"line":21,"column":37534}}]},"1":{"type":"branch","line":1,"loc":{"start":{"line":1,"column":0},"end":{"line":21,"column":37534}},"locations":[{"start":{"line":1,"column":0},"end":{"line":21,"column":37534}}]},"2":{"type":"branch","line":1,"loc":{"start":{"line":1,"column":19},"end":{"line":10,"column":1}},"locations":[{"start":{"line":1,"column":19},"end":{"line":10,"column":1}}]},"3":{"type":"branch","line":3,"loc":{"start":{"line":3,"column":16},"end":{"line":5,"column":3}},"locations":[{"start":{"line":3,"column":16},"end":{"line":5,"column":3}}]},"4":{"type":"branch","line":21,"loc":{"start":{"line":21,"column":21},"end":{"line":21,"column":37001}},"locations":[{"start":{"line":21,"column":21},"end":{"line":21,"column":37001}}]},"5":{"type":"branch","line":21,"loc":{"start":{"line":21,"column":87},"end":{"line":21,"column":36988}},"locations":[{"start":{"line":21,"column":87},"end":{"line":21,"column":36988}}]},"6":{"type":"branch","line":21,"loc":{"start":{"line":21,"column":36990},"end":{"line":21,"column":37000}},"locations":[{"start":{"line":21,"column":36990},"end":{"line":21,"column":37000}}]},"7":{"type":"branch","line":21,"loc":{"start":{"line":21,"column":37002},"end":{"line":21,"column":37075}},"locations":[{"start":{"line":21,"column":37002},"end":{"line":21,"column":37075}}]},"8":{"type":"branch","line":21,"loc":{"start":{"line":21,"column":37055},"end":{"line":21,"column":37065}},"locations":[{"start":{"line":21,"column":37055},"end":{"line":21,"column":37065}}]}},"b":{"0":[1],"1":[1],"2":[1],"3":[4],"4":[1],"5":[0],"6":[0],"7":[1],"8":[0]},"fnMap":{"0":{"name":"Object.<anonymous>","decl":{"start":{"line":1,"column":0},"end":{"line":21,"column":37534}},"loc":{"start":{"line":1,"column":0},"end":{"line":21,"column":37534}},"line":1},"1":{"name":"sortByDate","decl":{"start":{"line":1,"column":19},"end":{"line":10,"column":1}},"loc":{"start":{"line":1,"column":19},"end":{"line":10,"column":1}},"line":1},"2":{"name":"oo_cm","decl":{"start":{"line":21,"column":21},"end":{"line":21,"column":37001}},"loc":{"start":{"line":21,"column":21},"end":{"line":21,"column":37001}},"line":21},"3":{"name":"oo_oo","decl":{"start":{"line":21,"column":37002},"end":{"line":21,"column":37075}},"loc":{"start":{"line":21,"column":37002},"end":{"line":21,"column":37075}},"line":21},"4":{"name":"oo_tr","decl":{"start":{"line":21,"column":37076},"end":{"line":21,"column":37151}},"loc":{"start":{"line":21,"column":37076},"end":{"line":21,"column":37151}},"line":21},"5":{"name":"oo_ts","decl":{"start":{"line":21,"column":37152},"end":{"line":21,"column":37207}},"loc":{"start":{"line":21,"column":37152},"end":{"line":21,"column":37207}},"line":21},"6":{"name":"oo_te","decl":{"start":{"line":21,"column":37208},"end":{"line":21,"column":37266}},"loc":{"start":{"line":21,"column":37208},"end":{"line":21,"column":37266}},"line":21}},"f":{"0":1,"1":1,"2":1,"3":1,"4":0,"5":0,"6":0}}
}
