TN:
SF:src\operations\dataOperations.js
FN:1,Object.<anonymous>
FN:1,sortByDate
FN:21,oo_cm
FN:21,oo_oo
FN:21,oo_tr
FN:21,oo_ts
FN:21,oo_te
FNF:7
FNH:4
FNDA:1,Object.<anonymous>
FNDA:1,sortByDate
FNDA:1,oo_cm
FNDA:1,oo_oo
FNDA:0,oo_tr
FNDA:0,oo_ts
FNDA:0,oo_te
DA:1,1
DA:2,1
DA:3,1
DA:4,4
DA:5,1
DA:6,1
DA:7,1
DA:8,1
DA:9,1
DA:10,1
DA:11,1
DA:12,1
DA:13,1
DA:14,1
DA:15,1
DA:16,1
DA:17,1
DA:18,1
DA:19,1
DA:20,1
DA:21,1
LF:21
LH:21
BRDA:1,0,0,1
BRDA:1,1,0,1
BRDA:1,2,0,1
BRDA:3,3,0,4
BRDA:21,4,0,1
BRDA:21,5,0,0
BRDA:21,6,0,0
BRDA:21,7,0,1
BRDA:21,8,0,0
BRF:9
BRH:6
end_of_record
