TN:
SF:src\operations\dataOperations.js
FN:1,Object.<anonymous>
FN:1,sortByDate
FN:31,oo_cm
FN:31,oo_oo
FN:31,oo_tr
FN:31,oo_ts
FN:31,oo_te
FNF:7
FNH:4
FNDA:1,Object.<anonymous>
FNDA:2,sortByDate
FNDA:2,oo_cm
FNDA:2,oo_oo
FNDA:0,oo_tr
FNDA:0,oo_ts
FNDA:0,oo_te
DA:1,1
DA:2,2
DA:3,2
DA:4,2
DA:5,2
DA:6,1
DA:7,1
DA:8,4
DA:9,1
DA:10,1
DA:11,2
DA:12,2
DA:13,1
DA:14,3
DA:15,1
DA:16,1
DA:17,2
DA:18,2
DA:19,2
DA:20,1
DA:21,1
DA:22,1
DA:23,1
DA:24,1
DA:25,1
DA:26,1
DA:27,1
DA:28,1
DA:29,1
DA:30,1
DA:31,1
LF:31
LH:31
BRDA:1,0,0,1
BRDA:1,1,0,1
BRDA:1,2,0,2
BRDA:5,3,0,1
BRDA:12,4,0,1
BRDA:7,5,0,4
BRDA:13,6,0,3
BRDA:31,7,0,2
BRDA:31,8,0,1
BRDA:31,9,0,0
BRDA:31,10,0,2
BRDA:31,11,0,0
BRF:12
BRH:10
end_of_record
